<?xml version="1.0" encoding="UTF-8"?>
<testng-results skipped="0" failed="0" total="1" passed="1">
  <reporter-output>
  </reporter-output>
  <suite name="Default suite" duration-ms="55" started-at="2016-10-26T06:23:30Z" finished-at="2016-10-26T06:23:30Z">
    <groups>
    </groups>
    <test name="Default test" duration-ms="55" started-at="2016-10-26T06:23:30Z" finished-at="2016-10-26T06:23:30Z">
      <class name="j151s.mt.ThreadPoolTest">
        <test-method status="PASS" signature="singleThreadExxcutor()[pri:0, instance:j151s.mt.ThreadPoolTest@2bd1e730]" name="singleThreadExxcutor" duration-ms="35" started-at="2016-10-26T14:23:30Z" finished-at="2016-10-26T14:23:30Z">
          <reporter-output>
          </reporter-output>
        </test-method> <!-- singleThreadExxcutor -->
      </class> <!-- j151s.mt.ThreadPoolTest -->
    </test> <!-- Default test -->
  </suite> <!-- Default suite -->
</testng-results>
